<?xml version="1.0" encoding="utf-8"?>
<testsuite package="org.checkstyle" time="0" tests="6" errors="16" name="checkstyle">
<testcase time="0" name="controller/App.java" classname="CheckStyle Issues">
<failure message="issues" ><![CDATA[line: 5 column: column:1 
Extra separation in import group before 'model.domain.StuffLendingSystem'
----------------
]]></failure>
</testcase><testcase time="0" name="controller/MainController.java" classname="CheckStyle Issues">
<failure message="issues" ><![CDATA[line: 5 column: column:1 
Missing a Javadoc comment.
----------------
line: 10 column: column:3 
Missing a Javadoc comment.
----------------
line: 16 column: column:3 
Missing a Javadoc comment.
----------------
]]></failure>
</testcase><testcase time="0" name="model/domain/Member.java" classname="CheckStyle Issues">
<failure message="issues" ><![CDATA[line: 3 column: column:1 
Missing a Javadoc comment.
----------------
line: 11 column: column:3 
Missing a Javadoc comment.
----------------
]]></failure>
</testcase><testcase time="0" name="model/domain/RandomString.java" classname="CheckStyle Issues">
</testcase><testcase time="0" name="model/domain/StuffLendingSystem.java" classname="CheckStyle Issues">
<failure message="issues" ><![CDATA[line: 5 column: column:1 
Missing a Javadoc comment.
----------------
line: 9 column: column:3 
Missing a Javadoc comment.
----------------
line: 23 column: column:3 
Missing a Javadoc comment.
----------------
]]></failure>
</testcase><testcase time="0" name="view/Console.java" classname="CheckStyle Issues">
<failure message="issues" ><![CDATA[line: 6 column: column:1 
Missing a Javadoc comment.
----------------
line: 9 column: column:3 
Missing a Javadoc comment.
----------------
line: 15 column: column:3 
Missing a Javadoc comment.
----------------
line: 26 column: column:3 
Missing a Javadoc comment.
----------------
line: 48 column: column:3 
Missing a Javadoc comment.
----------------
line: 72 column: column:3 
Missing a Javadoc comment.
----------------
line: 82 column: column:3 
Missing a Javadoc comment.
----------------
]]></failure>
</testcase></testsuite>