<?xml version="1.0" encoding="utf-8"?>
<testsuite package="org.checkstyle" time="0" tests="29" errors="13" name="checkstyle">
<testcase time="0" name="controller/App.java" classname="CheckStyle Issues">
</testcase><testcase time="0" name="controller/MainController.java" classname="CheckStyle Issues">
</testcase><testcase time="0" name="model/domain/ContractCollection.java" classname="CheckStyle Issues">
</testcase><testcase time="0" name="model/domain/ContractCollectionImpl.java" classname="CheckStyle Issues">
</testcase><testcase time="0" name="model/domain/Item.java" classname="CheckStyle Issues">
</testcase><testcase time="0" name="model/domain/ItemCollection.java" classname="CheckStyle Issues">
</testcase><testcase time="0" name="model/domain/ItemCollectionImpl.java" classname="CheckStyle Issues">
</testcase><testcase time="0" name="model/domain/ItemIterator.java" classname="CheckStyle Issues">
</testcase><testcase time="0" name="model/domain/LendingContract.java" classname="CheckStyle Issues">
</testcase><testcase time="0" name="model/domain/Member.java" classname="CheckStyle Issues">
</testcase><testcase time="0" name="model/domain/MemberCollection.java" classname="CheckStyle Issues">
</testcase><testcase time="0" name="model/domain/OwnerIteratorImpl.java" classname="CheckStyle Issues">
</testcase><testcase time="0" name="model/domain/RandomString.java" classname="CheckStyle Issues">
</testcase><testcase time="0" name="model/domain/StuffLendingSystem.java" classname="CheckStyle Issues">
</testcase><testcase time="0" name="model/domain/TypeIteratorImpl.java" classname="CheckStyle Issues">
</testcase><testcase time="0" name="model/repository/ItemMapper.java" classname="CheckStyle Issues">
</testcase><testcase time="0" name="model/repository/Mapper.java" classname="CheckStyle Issues">
</testcase><testcase time="0" name="model/repository/MapperFactory.java" classname="CheckStyle Issues">
</testcase><testcase time="0" name="model/repository/MemberMapper.java" classname="CheckStyle Issues">
</testcase><testcase time="0" name="model/repository/mock/ItemMockOne.java" classname="CheckStyle Issues">
</testcase><testcase time="0" name="model/repository/mock/ItemMockTwo.java" classname="CheckStyle Issues">
</testcase><testcase time="0" name="model/repository/mock/MemberMockOne.java" classname="CheckStyle Issues">
</testcase><testcase time="0" name="model/repository/mock/MemberMockTwo.java" classname="CheckStyle Issues">
</testcase><testcase time="0" name="model/repository/mock/Mock.java" classname="CheckStyle Issues">
</testcase><testcase time="0" name="model/repository/mock/MockCollection.java" classname="CheckStyle Issues">
</testcase><testcase time="0" name="model/repository/ObjectIdentifier.java" classname="CheckStyle Issues">
</testcase><testcase time="0" name="model/repository/PersistenceFacade.java" classname="CheckStyle Issues">
</testcase><testcase time="0" name="model/repository/PersistenceMapper.java" classname="CheckStyle Issues">
</testcase><testcase time="0" name="view/Console.java" classname="CheckStyle Issues">
<failure message="issues" ><![CDATA[line: 6 column: column:1 
Extra separation in import group before 'java.util.ArrayList'
----------------
line: 10 column: column:1 
Extra separation in import group before 'model.domain.Item'
----------------
line: 385 column: 
Line is longer than 120 characters (found 172).
----------------
line: 388 column: 
Line is longer than 120 characters (found 121).
----------------
line: 391 column: 
Line is longer than 120 characters (found 125).
----------------
line: 392 column: 
Line is longer than 120 characters (found 128).
----------------
line: 393 column: 
Line is longer than 120 characters (found 185).
----------------
line: 396 column: 
Line is longer than 120 characters (found 121).
----------------
line: 404 column: 
Line is longer than 120 characters (found 223).
----------------
line: 409 column: 
Line is longer than 120 characters (found 122).
----------------
line: 417 column: 
Line is longer than 120 characters (found 223).
----------------
line: 427 column: column:3 
Missing a Javadoc comment.
----------------
line: 449 column: column:3 
Missing a Javadoc comment.
----------------
]]></failure>
</testcase></testsuite>