<?xml version="1.0" encoding="utf-8"?>
<testsuite package="org.checkstyle" time="0" tests="29" errors="16" name="checkstyle">
<testcase time="0" name="controller/App.java" classname="CheckStyle Issues">
</testcase><testcase time="0" name="controller/MainController.java" classname="CheckStyle Issues">
</testcase><testcase time="0" name="model/domain/ContractCollection.java" classname="CheckStyle Issues">
</testcase><testcase time="0" name="model/domain/ContractCollectionImpl.java" classname="CheckStyle Issues">
</testcase><testcase time="0" name="model/domain/Item.java" classname="CheckStyle Issues">
</testcase><testcase time="0" name="model/domain/ItemCollection.java" classname="CheckStyle Issues">
</testcase><testcase time="0" name="model/domain/ItemCollectionImpl.java" classname="CheckStyle Issues">
</testcase><testcase time="0" name="model/domain/ItemIterator.java" classname="CheckStyle Issues">
</testcase><testcase time="0" name="model/domain/LendingContract.java" classname="CheckStyle Issues">
</testcase><testcase time="0" name="model/domain/Member.java" classname="CheckStyle Issues">
</testcase><testcase time="0" name="model/domain/MemberCollection.java" classname="CheckStyle Issues">
</testcase><testcase time="0" name="model/domain/OwnerIteratorImpl.java" classname="CheckStyle Issues">
</testcase><testcase time="0" name="model/domain/RandomString.java" classname="CheckStyle Issues">
</testcase><testcase time="0" name="model/domain/StuffLendingSystem.java" classname="CheckStyle Issues">
</testcase><testcase time="0" name="model/domain/TypeIteratorImpl.java" classname="CheckStyle Issues">
</testcase><testcase time="0" name="model/repository/ItemMapper.java" classname="CheckStyle Issues">
</testcase><testcase time="0" name="model/repository/Mapper.java" classname="CheckStyle Issues">
</testcase><testcase time="0" name="model/repository/MapperFactory.java" classname="CheckStyle Issues">
</testcase><testcase time="0" name="model/repository/MemberMapper.java" classname="CheckStyle Issues">
</testcase><testcase time="0" name="model/repository/mock/ItemMockOne.java" classname="CheckStyle Issues">
</testcase><testcase time="0" name="model/repository/mock/ItemMockTwo.java" classname="CheckStyle Issues">
</testcase><testcase time="0" name="model/repository/mock/MemberMockOne.java" classname="CheckStyle Issues">
</testcase><testcase time="0" name="model/repository/mock/MemberMockTwo.java" classname="CheckStyle Issues">
</testcase><testcase time="0" name="model/repository/mock/Mock.java" classname="CheckStyle Issues">
</testcase><testcase time="0" name="model/repository/mock/MockCollection.java" classname="CheckStyle Issues">
</testcase><testcase time="0" name="model/repository/ObjectIdentifier.java" classname="CheckStyle Issues">
</testcase><testcase time="0" name="model/repository/PersistenceFacade.java" classname="CheckStyle Issues">
</testcase><testcase time="0" name="model/repository/PersistenceMapper.java" classname="CheckStyle Issues">
</testcase><testcase time="0" name="view/Console.java" classname="CheckStyle Issues">
<failure message="issues" ><![CDATA[line: 2 column: column:1 
'import' should be separated from previous statement.
----------------
line: 382 column: 
Line is longer than 120 characters (found 172).
----------------
line: 385 column: 
Line is longer than 120 characters (found 121).
----------------
line: 388 column: 
Line is longer than 120 characters (found 125).
----------------
line: 389 column: 
Line is longer than 120 characters (found 128).
----------------
line: 390 column: 
Line is longer than 120 characters (found 185).
----------------
line: 393 column: 
Line is longer than 120 characters (found 121).
----------------
line: 401 column: 
Line is longer than 120 characters (found 223).
----------------
line: 406 column: 
Line is longer than 120 characters (found 122).
----------------
line: 414 column: 
Line is longer than 120 characters (found 223).
----------------
line: 424 column: column:3 
Missing a Javadoc comment.
----------------
line: 446 column: column:3 
Missing a Javadoc comment.
----------------
line: 562 column: column:1 
Line contains a tab character.
----------------
line: 562 column: column:9 
'method def modifier' has incorrect indentation level 8, expected level 
  should be 2.
----------------
line: 564 column: column:1 
Line contains a tab character.
----------------
line: 564 column: column:9 
'method def rcurly' has incorrect indentation level 8, expected level 
  should be 2.
----------------
]]></failure>
</testcase></testsuite>