<?xml version="1.0" encoding="utf-8"?>
<testsuite package="org.spotbugs" time="0" tests="13" errors="4" name="findbugs">
<testcase time="0" name="view/Console.java" classname="FindBugs Issues">
</testcase><testcase time="0" name="model/domain/Item.java" classname="FindBugs Issues">
<failure message="issues" ><![CDATA[lines: 49-151 
new model.domain.Item(Member, Item$ItemType, String, String, String, int, 
  int) may expose internal representation by storing an externally mutable 
  object into Item.owner 
May expose internal representation by incorporating reference to mutable 
  object 
This code stores a reference to an externally mutable object into the 
  internal representation of the object. If instances are accessed by 
  untrusted code, and unchecked changes to the mutable object would 
  compromise security or other important properties, you will need to do 
  something different. Storing a copy of the object is better approach in 
  many situations.
----------------
lines: 49-151 
new model.domain.Item(Member, Item$ItemType, String, String, String, int, 
  int, boolean) may expose internal representation by storing an externally 
  mutable object into Item.owner 
May expose internal representation by incorporating reference to mutable 
  object 
This code stores a reference to an externally mutable object into the 
  internal representation of the object. If instances are accessed by 
  untrusted code, and unchecked changes to the mutable object would 
  compromise security or other important properties, you will need to do 
  something different. Storing a copy of the object is better approach in 
  many situations.
----------------
]]></failure>
</testcase><testcase time="0" name="model/domain/ItemCollection.java" classname="FindBugs Issues">
</testcase><testcase time="0" name="model/domain/RandomString.java" classname="FindBugs Issues">
</testcase><testcase time="0" name="model/domain/StuffLendingSystem.java" classname="FindBugs Issues">
</testcase><testcase time="0" name="controller/MainController.java" classname="FindBugs Issues">
<failure message="issues" ><![CDATA[lines: 40-324 
new controller.MainController(Console, StuffLendingSystem) may expose 
  internal representation by storing an externally mutable object into 
  MainController.sls 
May expose internal representation by incorporating reference to mutable 
  object 
This code stores a reference to an externally mutable object into the 
  internal representation of the object. If instances are accessed by 
  untrusted code, and unchecked changes to the mutable object would 
  compromise security or other important properties, you will need to do 
  something different. Storing a copy of the object is better approach in 
  many situations.
----------------
]]></failure>
</testcase><testcase time="0" name="model/domain/ItemCollectionImpl.java" classname="FindBugs Issues">
</testcase><testcase time="0" name="model/domain/LendingContract.java" classname="FindBugs Issues">
</testcase><testcase time="0" name="model/domain/ItemIterator.java" classname="FindBugs Issues">
</testcase><testcase time="0" name="model/domain/TypeIteratorImpl.java" classname="FindBugs Issues">
<failure message="issues" ><![CDATA[lines: 22-48 
new model.domain.TypeIteratorImpl(Item$ItemType, ArrayList) may expose 
  internal representation by storing an externally mutable object into 
  TypeIteratorImpl.items 
May expose internal representation by incorporating reference to mutable 
  object 
This code stores a reference to an externally mutable object into the 
  internal representation of the object. If instances are accessed by 
  untrusted code, and unchecked changes to the mutable object would 
  compromise security or other important properties, you will need to do 
  something different. Storing a copy of the object is better approach in 
  many situations.
----------------
]]></failure>
</testcase><testcase time="0" name="controller/App.java" classname="FindBugs Issues">
</testcase><testcase time="0" name="model/domain/Member.java" classname="FindBugs Issues">
</testcase><testcase time="0" name="model/domain/ContractCollection.java" classname="FindBugs Issues">
</testcase></testsuite>