<?xml version="1.0" encoding="utf-8"?>
<testsuite package="org.checkstyle" time="0" tests="27" errors="69" name="checkstyle">
<testcase time="0" name="controller/App.java" classname="CheckStyle Issues">
</testcase><testcase time="0" name="controller/MainController.java" classname="CheckStyle Issues">
<failure message="issues" ><![CDATA[line: 34 column: column:3 
Missing a Javadoc comment.
----------------
line: 34 column: column:22 
Type name 'promptEvent' must match pattern '^[A-Z][a-zA-Z0-9]*$'.
----------------
]]></failure>
</testcase><testcase time="0" name="model/domain/ContractCollection.java" classname="CheckStyle Issues">
<failure message="issues" ><![CDATA[line: 87 column: 
Javadoc tag '@param' should be preceded with an empty line.
----------------
]]></failure>
</testcase><testcase time="0" name="model/domain/Item.java" classname="CheckStyle Issues">
</testcase><testcase time="0" name="model/domain/ItemCollection.java" classname="CheckStyle Issues">
</testcase><testcase time="0" name="model/domain/ItemCollectionImpl.java" classname="CheckStyle Issues">
</testcase><testcase time="0" name="model/domain/ItemIterator.java" classname="CheckStyle Issues">
</testcase><testcase time="0" name="model/domain/LendingContract.java" classname="CheckStyle Issues">
</testcase><testcase time="0" name="model/domain/Member.java" classname="CheckStyle Issues">
</testcase><testcase time="0" name="model/domain/OwnerIteratorImpl.java" classname="CheckStyle Issues">
<failure message="issues" ><![CDATA[line: 15 column: column:3 
Missing a Javadoc comment.
----------------
line: 20 column: column:3 
'METHOD_DEF' should be separated from previous statement.
----------------
]]></failure>
</testcase><testcase time="0" name="model/domain/RandomString.java" classname="CheckStyle Issues">
</testcase><testcase time="0" name="model/domain/StuffLendingSystem.java" classname="CheckStyle Issues">
<failure message="issues" ><![CDATA[line: 197 column: 
Javadoc tag '@param' should be preceded with an empty line.
----------------
]]></failure>
</testcase><testcase time="0" name="model/domain/TypeIteratorImpl.java" classname="CheckStyle Issues">
</testcase><testcase time="0" name="model/repository/IMapper.java" classname="CheckStyle Issues">
<failure message="issues" ><![CDATA[line: 3 column: column:1 
Missing a Javadoc comment.
----------------
line: 3 column: column:18 
Abbreviation in name 'IMapper' must contain no more than '1' consecutive 
  capital letters.
----------------
line: 5 column: column:3 
'METHOD_DEF' should be separated from previous statement.
----------------
]]></failure>
</testcase><testcase time="0" name="model/repository/ItemMapper.java" classname="CheckStyle Issues">
<failure message="issues" ><![CDATA[line: 5 column: column:1 
Extra separation in import group before 'model.domain.Item'
----------------
line: 7 column: column:1 
Wrong lexicographical order for 'model.domain.Item.ItemType' import. Should 
  be before 'model.domain.Member'.
----------------
line: 11 column: column:1 
Missing a Javadoc comment.
----------------
line: 28 column: column:7 
'm' has incorrect indentation level 6, expected level should be 8.
----------------
line: 29 column: column:7 
'ItemType' has incorrect indentation level 6, expected level should be 8.
----------------
line: 30 column: column:7 
'i' has incorrect indentation level 6, expected level should be 8.
----------------
line: 31 column: column:7 
'i' has incorrect indentation level 6, expected level should be 8.
----------------
line: 32 column: column:7 
'i' has incorrect indentation level 6, expected level should be 8.
----------------
line: 33 column: column:7 
'Integer' has incorrect indentation level 6, expected level should be 8.
----------------
line: 34 column: column:7 
'Integer' has incorrect indentation level 6, expected level should be 8.
----------------
line: 35 column: column:7 
'i' has incorrect indentation level 6, expected level should be 8.
----------------
line: 41 column: column:3 
Missing a Javadoc comment.
----------------
]]></failure>
</testcase><testcase time="0" name="model/repository/MapperFactory.java" classname="CheckStyle Issues">
<failure message="issues" ><![CDATA[line: 5 column: column:1 
Extra separation in import group before 'model.repository.mock.IMock'
----------------
line: 7 column: column:1 
Missing a Javadoc comment.
----------------
]]></failure>
</testcase><testcase time="0" name="model/repository/MemberMapper.java" classname="CheckStyle Issues">
<failure message="issues" ><![CDATA[line: 5 column: column:1 
Extra separation in import group before 'model.domain.Member'
----------------
line: 10 column: column:1 
Missing a Javadoc comment.
----------------
line: 10 column: column:52 
WhitespaceAround: '{' is not preceded with whitespace.
----------------
line: 24 column: column:7 
'm' has incorrect indentation level 6, expected level should be 8.
----------------
line: 25 column: column:7 
'm' has incorrect indentation level 6, expected level should be 8.
----------------
line: 26 column: column:7 
'm' has incorrect indentation level 6, expected level should be 8.
----------------
line: 27 column: column:7 
'm' has incorrect indentation level 6, expected level should be 8.
----------------
line: 28 column: column:7 
'm' has incorrect indentation level 6, expected level should be 8.
----------------
line: 29 column: column:7 
'Integer' has incorrect indentation level 6, expected level should be 8.
----------------
line: 30 column: column:7 
'Integer' has incorrect indentation level 6, expected level should be 8.
----------------
line: 36 column: column:3 
Missing a Javadoc comment.
----------------
]]></failure>
</testcase><testcase time="0" name="model/repository/ObjectIdentifier.java" classname="CheckStyle Issues">
<failure message="issues" ><![CDATA[line: 3 column: column:1 
Missing a Javadoc comment.
----------------
line: 5 column: column:3 
'CTOR_DEF' should be separated from previous statement.
----------------
]]></failure>
</testcase><testcase time="0" name="model/repository/PersistenceFacade.java" classname="CheckStyle Issues">
<failure message="issues" ><![CDATA[line: 5 column: column:1 
Extra separation in import group before 'model.domain.Item'
----------------
line: 10 column: column:1 
Missing a Javadoc comment.
----------------
line: 15 column: column:3 
Missing a Javadoc comment.
----------------
line: 36 column: column:3 
Missing a Javadoc comment.
----------------
line: 36 column: column:33 
'(' is preceded with whitespace.
----------------
]]></failure>
</testcase><testcase time="0" name="model/repository/PersistenceMapper.java" classname="CheckStyle Issues">
<failure message="issues" ><![CDATA[line: 3 column: column:1 
Missing a Javadoc comment.
----------------
]]></failure>
</testcase><testcase time="0" name="model/repository/mock/IMock.java" classname="CheckStyle Issues">
<failure message="issues" ><![CDATA[line: 3 column: column:1 
Missing a Javadoc comment.
----------------
line: 3 column: column:18 
Abbreviation in name 'IMock' must contain no more than '1' consecutive 
  capital letters.
----------------
]]></failure>
</testcase><testcase time="0" name="model/repository/mock/ItemMockOne.java" classname="CheckStyle Issues">
<failure message="issues" ><![CDATA[line: 3 column: column:1 
Missing a Javadoc comment.
----------------
line: 5 column: column:10 
Abbreviation in name 'ownerID' must contain no more than '1' consecutive 
  capital letters.
----------------
line: 21 column: column:12 
'if' is not followed by whitespace.
----------------
line: 21 column: column:12 
WhitespaceAround: 'if' is not followed by whitespace. Empty blocks may only 
  be represented as {} when not part of a multi-block statement (4.1.3)
----------------
]]></failure>
</testcase><testcase time="0" name="model/repository/mock/ItemMockTwo.java" classname="CheckStyle Issues">
<failure message="issues" ><![CDATA[line: 3 column: column:1 
Missing a Javadoc comment.
----------------
line: 5 column: column:10 
Abbreviation in name 'ownerID' must contain no more than '1' consecutive 
  capital letters.
----------------
line: 21 column: column:12 
'if' is not followed by whitespace.
----------------
line: 21 column: column:12 
WhitespaceAround: 'if' is not followed by whitespace. Empty blocks may only 
  be represented as {} when not part of a multi-block statement (4.1.3)
----------------
]]></failure>
</testcase><testcase time="0" name="model/repository/mock/MemberMockOne.java" classname="CheckStyle Issues">
<failure message="issues" ><![CDATA[line: 3 column: column:1 
Missing a Javadoc comment.
----------------
line: 16 column: column:3 
Missing a Javadoc comment.
----------------
]]></failure>
</testcase><testcase time="0" name="model/repository/mock/MemberMockTwo.java" classname="CheckStyle Issues">
<failure message="issues" ><![CDATA[line: 3 column: column:1 
Missing a Javadoc comment.
----------------
line: 17 column: column:3 
Missing a Javadoc comment.
----------------
]]></failure>
</testcase><testcase time="0" name="model/repository/mock/MockCollection.java" classname="CheckStyle Issues">
<failure message="issues" ><![CDATA[line: 5 column: column:1 
Missing a Javadoc comment.
----------------
line: 8 column: column:3 
Missing a Javadoc comment.
----------------
line: 8 column: column:25 
'(' is preceded with whitespace.
----------------
line: 21 column: column:3 
Missing a Javadoc comment.
----------------
]]></failure>
</testcase><testcase time="0" name="view/Console.java" classname="CheckStyle Issues">
<failure message="issues" ><![CDATA[line: 7 column: column:1 
Extra separation in import group before 'java.util.ArrayList'
----------------
line: 7 column: column:1 
Wrong lexicographical order for 'java.util.ArrayList' import. Should be 
  before 'model.domain.Item.ItemType'.
----------------
line: 8 column: column:1 
Wrong lexicographical order for 'java.util.Scanner' import. Should be 
  before 'model.domain.Item.ItemType'.
----------------
line: 346 column: column:3 
Missing a Javadoc comment.
----------------
line: 368 column: column:3 
Missing a Javadoc comment.
----------------
line: 454 column: column:1 
Line contains a tab character.
----------------
line: 454 column: column:9 
'method def modifier' has incorrect indentation level 8, expected level 
  should be 2.
----------------
line: 456 column: column:1 
Line contains a tab character.
----------------
line: 456 column: column:9 
'method def rcurly' has incorrect indentation level 8, expected level 
  should be 2.
----------------
]]></failure>
</testcase></testsuite>