<?xml version="1.0" encoding="utf-8"?>
<testsuite package="org.spotbugs" time="0" tests="29" errors="1" name="findbugs">
<testcase time="0" name="view/Console.java" classname="FindBugs Issues">
</testcase><testcase time="0" name="model/domain/Item.java" classname="FindBugs Issues">
</testcase><testcase time="0" name="model/domain/MemberCollection.java" classname="FindBugs Issues">
</testcase><testcase time="0" name="model/repository/mock/ItemMockOne.java" classname="FindBugs Issues">
</testcase><testcase time="0" name="model/domain/LendingContract.java" classname="FindBugs Issues">
</testcase><testcase time="0" name="model/domain/ContractCollectionImpl.java" classname="FindBugs Issues">
</testcase><testcase time="0" name="model/domain/ItemIterator.java" classname="FindBugs Issues">
</testcase><testcase time="0" name="controller/App.java" classname="FindBugs Issues">
</testcase><testcase time="0" name="model/repository/mock/MemberMockOne.java" classname="FindBugs Issues">
</testcase><testcase time="0" name="model/repository/MemberMapper.java" classname="FindBugs Issues">
</testcase><testcase time="0" name="model/repository/MapperFactory.java" classname="FindBugs Issues">
</testcase><testcase time="0" name="model/repository/mock/MemberMockTwo.java" classname="FindBugs Issues">
</testcase><testcase time="0" name="model/repository/ObjectIdentifier.java" classname="FindBugs Issues">
</testcase><testcase time="0" name="model/domain/ItemCollection.java" classname="FindBugs Issues">
</testcase><testcase time="0" name="model/domain/RandomString.java" classname="FindBugs Issues">
</testcase><testcase time="0" name="model/domain/StuffLendingSystem.java" classname="FindBugs Issues">
</testcase><testcase time="0" name="model/repository/Mapper.java" classname="FindBugs Issues">
</testcase><testcase time="0" name="model/repository/PersistenceMapper.java" classname="FindBugs Issues">
</testcase><testcase time="0" name="controller/MainController.java" classname="FindBugs Issues">
</testcase><testcase time="0" name="model/domain/ItemCollectionImpl.java" classname="FindBugs Issues">
</testcase><testcase time="0" name="model/domain/TypeIteratorImpl.java" classname="FindBugs Issues">
</testcase><testcase time="0" name="model/repository/mock/Mock.java" classname="FindBugs Issues">
</testcase><testcase time="0" name="model/repository/PersistenceFacade.java" classname="FindBugs Issues">
<failure message="issues" ><![CDATA[lines: 19-46 
Unread field: mapperFactory 
Unread field 
This field is never read. Consider removing it from the class.
----------------
]]></failure>
</testcase><testcase time="0" name="model/domain/Member.java" classname="FindBugs Issues">
</testcase><testcase time="0" name="model/repository/mock/MockCollection.java" classname="FindBugs Issues">
</testcase><testcase time="0" name="model/repository/ItemMapper.java" classname="FindBugs Issues">
</testcase><testcase time="0" name="model/repository/mock/ItemMockTwo.java" classname="FindBugs Issues">
</testcase><testcase time="0" name="model/domain/ContractCollection.java" classname="FindBugs Issues">
</testcase><testcase time="0" name="model/domain/OwnerIteratorImpl.java" classname="FindBugs Issues">
</testcase></testsuite>