<?xml version="1.0" encoding="UTF-8"?>
<testsuite name="model.MemberTest" tests="2" skipped="0" failures="0" errors="0" timestamp="2022-10-04T05:30:00" hostname="LAPTOP-85ADMTTU" time="0.003">
  <properties/>
  <testcase name="addAndRemoveCredits()" classname="model.MemberTest" time="0.001"/>
  <testcase name="createMember()" classname="model.MemberTest" time="0.001"/>
  <system-out><![CDATA[]]></system-out>
  <system-err><![CDATA[]]></system-err>
</testsuite>
