<?xml version="1.0" encoding="UTF-8"?>
<testsuite name="model.LendingContractTest" tests="4" skipped="0" failures="0" errors="0" timestamp="2022-10-03T07:43:21" hostname="LAPTOP-85ADMTTU" time="0.012">
  <properties/>
  <testcase name="readLenderOfContract()" classname="model.LendingContractTest" time="0.001"/>
  <testcase name="readStartAndEndDayOfContract()" classname="model.LendingContractTest" time="0.002"/>
  <testcase name="shouldNotBeAbleToChangeLenderInfo()" classname="model.LendingContractTest" time="0.003"/>
  <testcase name="createNewContract()" classname="model.LendingContractTest" time="0.002"/>
  <system-out><![CDATA[]]></system-out>
  <system-err><![CDATA[]]></system-err>
</testsuite>
