<?xml version="1.0" encoding="UTF-8"?>
<testsuite name="model.MemberTest" tests="1" skipped="0" failures="0" errors="0" timestamp="2022-09-28T13:59:45" hostname="DESKTOP-GJ2AF9M" time="0.002">
  <properties/>
  <testcase name="testMemberCreated()" classname="model.MemberTest" time="0.002"/>
  <system-out><![CDATA[]]></system-out>
  <system-err><![CDATA[]]></system-err>
</testsuite>
